## Module report - date Sat 15 Aug 2009 12:16:18 PM PDT
## Created by PcbNew version pcbnew (20090530 SVN-R1798)
## Unit = inches, Angle = deg.
##

$BeginDESCRIPTION

$BOARD
unit INCH
upper_left_corner  2.542500  4.354900
lower_right_corner  5.997600  7.324900
$EndBOARD

$MODULE "U2"
reference "U2"
value "Regulator_3.3V"
footprint "TED_3v_DPAK"
attribut none
position  3.644000  6.647000
orientation  0.00
layer component
$PAD "1"
position  0.160000  0.080000
size  0.120000  0.060000
drill  0.000000
shape_offset  0.000000  0.000000
orientation  0.00
Shape  Rect
Layer  component
$EndPAD
$PAD "3"
position  0.160000 -0.080000
size  0.120000  0.060000
drill  0.000000
shape_offset  0.000000  0.000000
orientation  0.00
Shape  Rect
Layer  component
$EndPAD
$PAD "2"
position -0.120000  0.000000
size  0.210000  0.200000
drill  0.000000
shape_offset  0.000000  0.000000
orientation  0.00
Shape  Rect
Layer  component
$EndPAD
$EndMODULE  U2

$MODULE "U3"
reference "U3"
value "EPROM"
footprint "TED_DIP-8"
attribut none
position  4.908000  6.933000
orientation  0.00
layer component
$SHAPE3D
Na "dil/dil_14.wrl"
Sc 1.000000 1.000000 1.000000
Of 0.000000 0.000000 0.000000
Ro 0.000000 0.000000 0.000000
$EndSHAPE3D
$PAD "1"
position -0.150000  0.150000
size  0.055000  0.055000
drill  0.032000
shape_offset  0.000000  0.000000
orientation  0.00
Shape  Rect
Layer  all
$EndPAD
$PAD "2"
position -0.050000  0.150000
size  0.055000  0.055000
drill  0.032000
shape_offset  0.000000  0.000000
orientation  0.00
Shape  Circ
Layer  all
$EndPAD
$PAD "3"
position  0.050000  0.150000
size  0.055000  0.055000
drill  0.032000
shape_offset  0.000000  0.000000
orientation  0.00
Shape  Circ
Layer  all
$EndPAD
$PAD "4"
position  0.150000  0.150000
size  0.055000  0.055000
drill  0.032000
shape_offset  0.000000  0.000000
orientation  0.00
Shape  Circ
Layer  all
$EndPAD
$PAD "5"
position  0.150000 -0.150000
size  0.055000  0.055000
drill  0.032000
shape_offset  0.000000  0.000000
orientation  0.00
Shape  Circ
Layer  all
$EndPAD
$PAD "6"
position  0.050000 -0.150000
size  0.055000  0.055000
drill  0.032000
shape_offset  0.000000  0.000000
orientation  0.00
Shape  Circ
Layer  all
$EndPAD
$PAD "7"
position -0.050000 -0.150000
size  0.055000  0.055000
drill  0.032000
shape_offset  0.000000  0.000000
orientation  0.00
Shape  Circ
Layer  all
$EndPAD
$PAD "8"
position -0.150000 -0.150000
size  0.055000  0.055000
drill  0.032000
shape_offset  0.000000  0.000000
orientation  0.00
Shape  Circ
Layer  all
$EndPAD
$EndMODULE  U3

$MODULE "R5"
reference "R5"
value "100k"
footprint "TED_SM0805"
attribut smd
position  4.446000  5.689000
orientation  0.00
layer component
$SHAPE3D
Na "smd/chip_cms.wrl"
Sc 0.100000 0.100000 0.100000
Of 0.000000 0.000000 0.000000
Ro 0.000000 0.000000 0.000000
$EndSHAPE3D
$PAD "1"
position -0.037500  0.000000
size  0.035000  0.055000
drill  0.000000
shape_offset  0.000000  0.000000
orientation  0.00
Shape  Rect
Layer  component
$EndPAD
$PAD "2"
position  0.037500  0.000000
size  0.035000  0.055000
drill  0.000000
shape_offset  0.000000  0.000000
orientation  0.00
Shape  Rect
Layer  component
$EndPAD
$EndMODULE  R5

$MODULE "R4"
reference "R4"
value "2.2k"
footprint "TED_SM0805"
attribut smd
position  4.907000  6.679000
orientation  0.00
layer component
$SHAPE3D
Na "smd/chip_cms.wrl"
Sc 0.100000 0.100000 0.100000
Of 0.000000 0.000000 0.000000
Ro 0.000000 0.000000 0.000000
$EndSHAPE3D
$PAD "1"
position -0.037500  0.000000
size  0.035000  0.055000
drill  0.000000
shape_offset  0.000000  0.000000
orientation  0.00
Shape  Rect
Layer  component
$EndPAD
$PAD "2"
position  0.037500  0.000000
size  0.035000  0.055000
drill  0.000000
shape_offset  0.000000  0.000000
orientation  0.00
Shape  Rect
Layer  component
$EndPAD
$EndMODULE  R4

$MODULE "R3"
reference "R3"
value "2.2k"
footprint "TED_SM0805"
attribut smd
position  5.098000  6.686000
orientation  180.00
layer component
$SHAPE3D
Na "smd/chip_cms.wrl"
Sc 0.100000 0.100000 0.100000
Of 0.000000 0.000000 0.000000
Ro 0.000000 0.000000 0.000000
$EndSHAPE3D
$PAD "1"
position -0.037500  0.000000
size  0.035000  0.055000
drill  0.000000
shape_offset  0.000000  0.000000
orientation  0.00
Shape  Rect
Layer  component
$EndPAD
$PAD "2"
position  0.037500  0.000000
size  0.035000  0.055000
drill  0.000000
shape_offset  0.000000  0.000000
orientation  0.00
Shape  Rect
Layer  component
$EndPAD
$EndMODULE  R3

$MODULE "R2"
reference "R2"
value "390"
footprint "TED_SM0805"
attribut smd
position  3.313000  6.898000
orientation  0.00
layer component
$SHAPE3D
Na "smd/chip_cms.wrl"
Sc 0.100000 0.100000 0.100000
Of 0.000000 0.000000 0.000000
Ro 0.000000 0.000000 0.000000
$EndSHAPE3D
$PAD "1"
position -0.037500  0.000000
size  0.035000  0.055000
drill  0.000000
shape_offset  0.000000  0.000000
orientation  0.00
Shape  Rect
Layer  component
$EndPAD
$PAD "2"
position  0.037500  0.000000
size  0.035000  0.055000
drill  0.000000
shape_offset  0.000000  0.000000
orientation  0.00
Shape  Rect
Layer  component
$EndPAD
$EndMODULE  R2

$MODULE "R1"
reference "R1"
value "560"
footprint "TED_SM0805"
attribut smd
position  3.767000  6.449000
orientation  0.00
layer component
$SHAPE3D
Na "smd/chip_cms.wrl"
Sc 0.100000 0.100000 0.100000
Of 0.000000 0.000000 0.000000
Ro 0.000000 0.000000 0.000000
$EndSHAPE3D
$PAD "1"
position -0.037500  0.000000
size  0.035000  0.055000
drill  0.000000
shape_offset  0.000000  0.000000
orientation  0.00
Shape  Rect
Layer  component
$EndPAD
$PAD "2"
position  0.037500  0.000000
size  0.035000  0.055000
drill  0.000000
shape_offset  0.000000  0.000000
orientation  0.00
Shape  Rect
Layer  component
$EndPAD
$EndMODULE  R1

$MODULE "C8"
reference "C8"
value ".1uF"
footprint "TED_SM0805"
attribut smd
position  3.712000  6.933000
orientation  90.00
layer component
$SHAPE3D
Na "smd/chip_cms.wrl"
Sc 0.100000 0.100000 0.100000
Of 0.000000 0.000000 0.000000
Ro 0.000000 0.000000 0.000000
$EndSHAPE3D
$PAD "1"
position -0.037500  0.000000
size  0.035000  0.055000
drill  0.000000
shape_offset  0.000000  0.000000
orientation  0.00
Shape  Rect
Layer  component
$EndPAD
$PAD "2"
position  0.037500  0.000000
size  0.035000  0.055000
drill  0.000000
shape_offset  0.000000  0.000000
orientation  0.00
Shape  Rect
Layer  component
$EndPAD
$EndMODULE  C8

$MODULE "C7"
reference "C7"
value "12pF"
footprint "TED_SM0805"
attribut smd
position  3.934000  6.279000
orientation  270.00
layer component
$SHAPE3D
Na "smd/chip_cms.wrl"
Sc 0.100000 0.100000 0.100000
Of 0.000000 0.000000 0.000000
Ro 0.000000 0.000000 0.000000
$EndSHAPE3D
$PAD "1"
position -0.037500  0.000000
size  0.035000  0.055000
drill  0.000000
shape_offset  0.000000  0.000000
orientation  0.00
Shape  Rect
Layer  component
$EndPAD
$PAD "2"
position  0.037500  0.000000
size  0.035000  0.055000
drill  0.000000
shape_offset  0.000000  0.000000
orientation  0.00
Shape  Rect
Layer  component
$EndPAD
$EndMODULE  C7

$MODULE "C6"
reference "C6"
value "12pF"
footprint "TED_SM0805"
attribut smd
position  3.432000  6.445000
orientation  0.00
layer component
$SHAPE3D
Na "smd/chip_cms.wrl"
Sc 0.100000 0.100000 0.100000
Of 0.000000 0.000000 0.000000
Ro 0.000000 0.000000 0.000000
$EndSHAPE3D
$PAD "1"
position -0.037500  0.000000
size  0.035000  0.055000
drill  0.000000
shape_offset  0.000000  0.000000
orientation  0.00
Shape  Rect
Layer  component
$EndPAD
$PAD "2"
position  0.037500  0.000000
size  0.035000  0.055000
drill  0.000000
shape_offset  0.000000  0.000000
orientation  0.00
Shape  Rect
Layer  component
$EndPAD
$EndMODULE  C6

$MODULE "C3"
reference "C3"
value ".1uF"
footprint "TED_SM0805"
attribut smd
position  3.698000  5.823000
orientation  180.00
layer component
$SHAPE3D
Na "smd/chip_cms.wrl"
Sc 0.100000 0.100000 0.100000
Of 0.000000 0.000000 0.000000
Ro 0.000000 0.000000 0.000000
$EndSHAPE3D
$PAD "1"
position -0.037500  0.000000
size  0.035000  0.055000
drill  0.000000
shape_offset  0.000000  0.000000
orientation  0.00
Shape  Rect
Layer  component
$EndPAD
$PAD "2"
position  0.037500  0.000000
size  0.035000  0.055000
drill  0.000000
shape_offset  0.000000  0.000000
orientation  0.00
Shape  Rect
Layer  component
$EndPAD
$EndMODULE  C3

$MODULE "C2"
reference "C2"
value ".1uF"
footprint "TED_SM0805"
attribut smd
position  4.795000  7.223000
orientation  0.00
layer component
$SHAPE3D
Na "smd/chip_cms.wrl"
Sc 0.100000 0.100000 0.100000
Of 0.000000 0.000000 0.000000
Ro 0.000000 0.000000 0.000000
$EndSHAPE3D
$PAD "1"
position -0.037500  0.000000
size  0.035000  0.055000
drill  0.000000
shape_offset  0.000000  0.000000
orientation  0.00
Shape  Rect
Layer  component
$EndPAD
$PAD "2"
position  0.037500  0.000000
size  0.035000  0.055000
drill  0.000000
shape_offset  0.000000  0.000000
orientation  0.00
Shape  Rect
Layer  component
$EndPAD
$EndMODULE  C2

$MODULE "C1"
reference "C1"
value ".1uF"
footprint "TED_SM0805"
attribut smd
position  3.906000  6.448000
orientation  0.00
layer component
$SHAPE3D
Na "smd/chip_cms.wrl"
Sc 0.100000 0.100000 0.100000
Of 0.000000 0.000000 0.000000
Ro 0.000000 0.000000 0.000000
$EndSHAPE3D
$PAD "1"
position -0.037500  0.000000
size  0.035000  0.055000
drill  0.000000
shape_offset  0.000000  0.000000
orientation  0.00
Shape  Rect
Layer  component
$EndPAD
$PAD "2"
position  0.037500  0.000000
size  0.035000  0.055000
drill  0.000000
shape_offset  0.000000  0.000000
orientation  0.00
Shape  Rect
Layer  component
$EndPAD
$EndMODULE  C1

$MODULE "D2"
reference "D2"
value "GREEN_LED"
footprint "TED_SM1206"
attribut smd
position  3.453000  7.093000
orientation  0.00
layer component
$SHAPE3D
Na "smd/chip_cms.wrl"
Sc 0.100000 0.100000 0.100000
Of 0.000000 0.000000 0.000000
Ro 0.000000 0.000000 0.000000
$EndSHAPE3D
$PAD "1"
position -0.040400 -0.000600
size  0.039400  0.059100
drill  0.000000
shape_offset  0.000000  0.000000
orientation  0.00
Shape  Rect
Layer  component
$EndPAD
$PAD "2"
position  0.041200 -0.000200
size  0.039400  0.061000
drill  0.000000
shape_offset  0.000000  0.000000
orientation  0.00
Shape  Rect
Layer  component
$EndPAD
$EndMODULE  D2

$MODULE "D1"
reference "D1"
value "RED_LED"
footprint "TED_SM1206"
attribut smd
position  3.594000  6.445000
orientation  180.00
layer component
$SHAPE3D
Na "smd/chip_cms.wrl"
Sc 0.100000 0.100000 0.100000
Of 0.000000 0.000000 0.000000
Ro 0.000000 0.000000 0.000000
$EndSHAPE3D
$PAD "1"
position -0.040400 -0.000600
size  0.039400  0.059100
drill  0.000000
shape_offset  0.000000  0.000000
orientation  0.00
Shape  Rect
Layer  component
$EndPAD
$PAD "2"
position  0.041200 -0.000200
size  0.039400  0.061000
drill  0.000000
shape_offset  0.000000  0.000000
orientation  0.00
Shape  Rect
Layer  component
$EndPAD
$EndMODULE  D1

$MODULE "C5"
reference "C5"
value "10uF_low_ESR"
footprint "TED_SM3216-18_POL"
attribut none
position  3.518000  6.900000
orientation  0.00
layer component
$PAD "1"
position -0.059100  0.000000
size  0.039400  0.078700
drill  0.000000
shape_offset  0.000000  0.000000
orientation  0.00
Shape  Rect
Layer  component
$EndPAD
$PAD "2"
position  0.059100  0.000000
size  0.039400  0.078700
drill  0.000000
shape_offset  0.000000  0.000000
orientation  0.00
Shape  Rect
Layer  component
$EndPAD
$EndMODULE  C5

$MODULE "C4"
reference "C4"
value "2.2uF"
footprint "TED_SM3216-18_POL"
attribut none
position  3.703000  5.954000
orientation  180.00
layer component
$PAD "1"
position -0.059100  0.000000
size  0.039400  0.078700
drill  0.000000
shape_offset  0.000000  0.000000
orientation  0.00
Shape  Rect
Layer  component
$EndPAD
$PAD "2"
position  0.059100  0.000000
size  0.039400  0.078700
drill  0.000000
shape_offset  0.000000  0.000000
orientation  0.00
Shape  Rect
Layer  component
$EndPAD
$EndMODULE  C4

$MODULE "J1"
reference "J1"
value "USB"
footprint "TED_USB_SMT"
attribut none
position  4.170000  6.973000
orientation  0.00
layer component
$PAD ""
position  0.105000 -0.037000
size  0.090000  0.090000
drill  0.060000
shape_offset  0.000000  0.000000
orientation  0.00
Shape  Circ
Layer  all
$EndPAD
$PAD "3"
position  0.023000 -0.375000
size  0.025000  0.150000
drill  0.000000
shape_offset  0.000000  0.000000
orientation  0.00
Shape  Rect
Layer  component
$EndPAD
$PAD "2"
position  0.068000 -0.375000
size  0.025000  0.150000
drill  0.000000
shape_offset  0.000000  0.000000
orientation  0.00
Shape  Rect
Layer  component
$EndPAD
$PAD "1"
position -0.023000 -0.375000
size  0.025000  0.150000
drill  0.000000
shape_offset  0.000000  0.000000
orientation  0.00
Shape  Rect
Layer  component
$EndPAD
$PAD "5"
position  0.300000 -0.037000
size  0.100000  0.250000
drill  0.000000
shape_offset  0.000000  0.000000
orientation  0.00
Shape  Rect
Layer  component
$EndPAD
$PAD "4"
position -0.068000 -0.375000
size  0.025000  0.150000
drill  0.000000
shape_offset  0.000000  0.000000
orientation  0.00
Shape  Rect
Layer  component
$EndPAD
$PAD "5"
position -0.300000 -0.037000
size  0.100000  0.250000
drill  0.000000
shape_offset  0.000000  0.000000
orientation  0.00
Shape  Rect
Layer  component
$EndPAD
$PAD ""
position -0.105000 -0.037000
size  0.090000  0.090000
drill  0.060000
shape_offset  0.000000  0.000000
orientation  0.00
Shape  Circ
Layer  all
$EndPAD
$EndMODULE  J1

$MODULE "X2"
reference "X2"
value "10-20Mhz"
footprint "TED_crystal_SMT_13x5mm"
attribut none
position  5.640000  4.577000
orientation  180.00
layer component
$PAD "1"
position -0.177400  0.001400
size  0.149600  0.082700
drill  0.000000
shape_offset  0.000000  0.000000
orientation  0.00
Shape  Rect
Layer  component
$EndPAD
$PAD "2"
position  0.177000 -0.002400
size  0.149600  0.082700
drill  0.000000
shape_offset  0.000000  0.000000
orientation  0.00
Shape  Rect
Layer  component
$EndPAD
$EndMODULE  X2

$MODULE "R6"
reference "R6"
value "2M"
footprint "TED_SM0805"
attribut smd
position  5.641000  4.844000
orientation  0.00
layer component
$SHAPE3D
Na "smd/chip_cms.wrl"
Sc 0.100000 0.100000 0.100000
Of 0.000000 0.000000 0.000000
Ro 0.000000 0.000000 0.000000
$EndSHAPE3D
$PAD "1"
position -0.037500  0.000000
size  0.035000  0.055000
drill  0.000000
shape_offset  0.000000  0.000000
orientation  0.00
Shape  Rect
Layer  component
$EndPAD
$PAD "2"
position  0.037500  0.000000
size  0.035000  0.055000
drill  0.000000
shape_offset  0.000000  0.000000
orientation  0.00
Shape  Rect
Layer  component
$EndPAD
$EndMODULE  R6

$MODULE "R8"
reference "R8"
value "50"
footprint "TED_SM0805"
attribut smd
position  4.574000  4.684000
orientation  270.00
layer component
$SHAPE3D
Na "smd/chip_cms.wrl"
Sc 0.100000 0.100000 0.100000
Of 0.000000 0.000000 0.000000
Ro 0.000000 0.000000 0.000000
$EndSHAPE3D
$PAD "1"
position -0.037500  0.000000
size  0.035000  0.055000
drill  0.000000
shape_offset  0.000000  0.000000
orientation  0.00
Shape  Rect
Layer  component
$EndPAD
$PAD "2"
position  0.037500  0.000000
size  0.035000  0.055000
drill  0.000000
shape_offset  0.000000  0.000000
orientation  0.00
Shape  Rect
Layer  component
$EndPAD
$EndMODULE  R8

$MODULE "R7"
reference "R7"
value "200"
footprint "TED_SM0805"
attribut smd
position  5.640000  4.754000
orientation  180.00
layer component
$SHAPE3D
Na "smd/chip_cms.wrl"
Sc 0.100000 0.100000 0.100000
Of 0.000000 0.000000 0.000000
Ro 0.000000 0.000000 0.000000
$EndSHAPE3D
$PAD "1"
position -0.037500  0.000000
size  0.035000  0.055000
drill  0.000000
shape_offset  0.000000  0.000000
orientation  0.00
Shape  Rect
Layer  component
$EndPAD
$PAD "2"
position  0.037500  0.000000
size  0.035000  0.055000
drill  0.000000
shape_offset  0.000000  0.000000
orientation  0.00
Shape  Rect
Layer  component
$EndPAD
$EndMODULE  R7

$MODULE "R9"
reference "R9"
value "50"
footprint "TED_SM0805"
attribut smd
position  3.815000  4.906000
orientation  270.00
layer component
$SHAPE3D
Na "smd/chip_cms.wrl"
Sc 0.100000 0.100000 0.100000
Of 0.000000 0.000000 0.000000
Ro 0.000000 0.000000 0.000000
$EndSHAPE3D
$PAD "1"
position -0.037500  0.000000
size  0.035000  0.055000
drill  0.000000
shape_offset  0.000000  0.000000
orientation  0.00
Shape  Rect
Layer  component
$EndPAD
$PAD "2"
position  0.037500  0.000000
size  0.035000  0.055000
drill  0.000000
shape_offset  0.000000  0.000000
orientation  0.00
Shape  Rect
Layer  component
$EndPAD
$EndMODULE  R9

$MODULE "X1"
reference "X1"
value "24MHz"
footprint "TED_crystal_SMT_13x5mm"
attribut none
position  3.583000  6.237000
orientation  0.00
layer component
$PAD "1"
position -0.177400  0.001400
size  0.149600  0.082700
drill  0.000000
shape_offset  0.000000  0.000000
orientation  0.00
Shape  Rect
Layer  component
$EndPAD
$PAD "2"
position  0.177000 -0.002400
size  0.149600  0.082700
drill  0.000000
shape_offset  0.000000  0.000000
orientation  0.00
Shape  Rect
Layer  component
$EndPAD
$EndMODULE  X1

$MODULE "J5"
reference "J5"
value "3.5_STEREO_SMT"
footprint "TED_3.5_Stereo"
attribut none
position  5.600000  7.005000
orientation  180.00
layer component
$PAD "2"
position  0.241400 -0.150000
size  0.098400  0.140000
drill  0.000000
shape_offset  0.000000  0.000000
orientation  0.00
Shape  Rect
Layer  component
$EndPAD
$PAD "3"
position  0.241400  0.150000
size  0.098400  0.140000
drill  0.000000
shape_offset  0.000000  0.000000
orientation  0.00
Shape  Rect
Layer  component
$EndPAD
$PAD "4"
position -0.120000 -0.170000
size  0.070000  0.120000
drill  0.000000
shape_offset  0.000000  0.000000
orientation  0.00
Shape  Rect
Layer  component
$EndPAD
$PAD "4"
position -0.120000  0.170000
size  0.070000  0.120000
drill  0.000000
shape_offset  0.000000  0.000000
orientation  0.00
Shape  Rect
Layer  component
$EndPAD
$PAD ""
position -0.157000  0.069200
size  0.050000  0.050000
drill  0.043300
shape_offset  0.000000  0.000000
orientation  0.00
Shape  Circ
Layer  all
$EndPAD
$PAD ""
position -0.157000 -0.066600
size  0.050000  0.050000
drill  0.043300
shape_offset  0.000000  0.000000
orientation  0.00
Shape  Circ
Layer  all
$EndPAD
$EndMODULE  J5

$MODULE "J4"
reference "J4"
value "3.5_STEREO_SMT"
footprint "TED_3.5_Stereo"
attribut none
position  2.853000  6.673000
orientation  0.00
layer component
$PAD "2"
position  0.241400 -0.150000
size  0.098400  0.140000
drill  0.000000
shape_offset  0.000000  0.000000
orientation  0.00
Shape  Rect
Layer  component
$EndPAD
$PAD "3"
position  0.241400  0.150000
size  0.098400  0.140000
drill  0.000000
shape_offset  0.000000  0.000000
orientation  0.00
Shape  Rect
Layer  component
$EndPAD
$PAD "4"
position -0.120000 -0.170000
size  0.070000  0.120000
drill  0.000000
shape_offset  0.000000  0.000000
orientation  0.00
Shape  Rect
Layer  component
$EndPAD
$PAD "4"
position -0.120000  0.170000
size  0.070000  0.120000
drill  0.000000
shape_offset  0.000000  0.000000
orientation  0.00
Shape  Rect
Layer  component
$EndPAD
$PAD ""
position -0.157000  0.069200
size  0.050000  0.050000
drill  0.043300
shape_offset  0.000000  0.000000
orientation  0.00
Shape  Circ
Layer  all
$EndPAD
$PAD ""
position -0.157000 -0.066600
size  0.050000  0.050000
drill  0.043300
shape_offset  0.000000  0.000000
orientation  0.00
Shape  Circ
Layer  all
$EndPAD
$EndMODULE  J4

$MODULE "J8"
reference "J8"
value "5v_GND"
footprint "TED_SCREWLESS_TERM_2x1"
attribut none
position  5.653000  5.793000
orientation  90.00
layer component
$PAD "1"
position -0.100000  0.000000
size  0.078700  0.078700
drill  0.039400
shape_offset  0.000000  0.000000
orientation  0.00
Shape  Circ
Layer  all
$EndPAD
$PAD "2"
position  0.100000  0.000000
size  0.078700  0.078700
drill  0.039400
shape_offset  0.000000  0.000000
orientation  0.00
Shape  Circ
Layer  all
$EndPAD
$EndMODULE  J8

$MODULE "J9"
reference "J9"
value "30v_15v"
footprint "TED_SCREWLESS_TERM_2x1"
attribut none
position  5.648000  5.373000
orientation  90.00
layer component
$PAD "1"
position -0.100000  0.000000
size  0.078700  0.078700
drill  0.039400
shape_offset  0.000000  0.000000
orientation  0.00
Shape  Circ
Layer  all
$EndPAD
$PAD "2"
position  0.100000  0.000000
size  0.078700  0.078700
drill  0.039400
shape_offset  0.000000  0.000000
orientation  0.00
Shape  Circ
Layer  all
$EndPAD
$EndMODULE  J9

$MODULE "J6"
reference "J6"
value "5v_GND"
footprint "TED_SCREWLESS_TERM_2x1"
attribut none
position  2.800000  5.413000
orientation  90.00
layer component
$PAD "1"
position -0.100000  0.000000
size  0.078700  0.078700
drill  0.039400
shape_offset  0.000000  0.000000
orientation  0.00
Shape  Circ
Layer  all
$EndPAD
$PAD "2"
position  0.100000  0.000000
size  0.078700  0.078700
drill  0.039400
shape_offset  0.000000  0.000000
orientation  0.00
Shape  Circ
Layer  all
$EndPAD
$EndMODULE  J6

$MODULE "J7"
reference "J7"
value "30v_15v"
footprint "TED_SCREWLESS_TERM_2x1"
attribut none
position  2.792000  4.977000
orientation  90.00
layer component
$PAD "1"
position -0.100000  0.000000
size  0.078700  0.078700
drill  0.039400
shape_offset  0.000000  0.000000
orientation  0.00
Shape  Circ
Layer  all
$EndPAD
$PAD "2"
position  0.100000  0.000000
size  0.078700  0.078700
drill  0.039400
shape_offset  0.000000  0.000000
orientation  0.00
Shape  Circ
Layer  all
$EndPAD
$EndMODULE  J7

$MODULE "C17"
reference "C17"
value "36pF"
footprint "TED_SM0805"
attribut smd
position  5.782000  4.812000
orientation  0.00
layer component
$SHAPE3D
Na "smd/chip_cms.wrl"
Sc 0.100000 0.100000 0.100000
Of 0.000000 0.000000 0.000000
Ro 0.000000 0.000000 0.000000
$EndSHAPE3D
$PAD "1"
position -0.037500  0.000000
size  0.035000  0.055000
drill  0.000000
shape_offset  0.000000  0.000000
orientation  0.00
Shape  Rect
Layer  component
$EndPAD
$PAD "2"
position  0.037500  0.000000
size  0.035000  0.055000
drill  0.000000
shape_offset  0.000000  0.000000
orientation  0.00
Shape  Rect
Layer  component
$EndPAD
$EndMODULE  C17

$MODULE "C25"
reference "C25"
value "36pF"
footprint "TED_SM0805"
attribut smd
position  5.815000  4.926000
orientation  90.00
layer component
$SHAPE3D
Na "smd/chip_cms.wrl"
Sc 0.100000 0.100000 0.100000
Of 0.000000 0.000000 0.000000
Ro 0.000000 0.000000 0.000000
$EndSHAPE3D
$PAD "1"
position -0.037500  0.000000
size  0.035000  0.055000
drill  0.000000
shape_offset  0.000000  0.000000
orientation  0.00
Shape  Rect
Layer  component
$EndPAD
$PAD "2"
position  0.037500  0.000000
size  0.035000  0.055000
drill  0.000000
shape_offset  0.000000  0.000000
orientation  0.00
Shape  Rect
Layer  component
$EndPAD
$EndMODULE  C25

$MODULE "C18"
reference "C18"
value "100pF"
footprint "TED_SM0805"
attribut smd
position  4.526000  4.819000
orientation  270.00
layer component
$SHAPE3D
Na "smd/chip_cms.wrl"
Sc 0.100000 0.100000 0.100000
Of 0.000000 0.000000 0.000000
Ro 0.000000 0.000000 0.000000
$EndSHAPE3D
$PAD "1"
position -0.037500  0.000000
size  0.035000  0.055000
drill  0.000000
shape_offset  0.000000  0.000000
orientation  0.00
Shape  Rect
Layer  component
$EndPAD
$PAD "2"
position  0.037500  0.000000
size  0.035000  0.055000
drill  0.000000
shape_offset  0.000000  0.000000
orientation  0.00
Shape  Rect
Layer  component
$EndPAD
$EndMODULE  C18

$MODULE "C19"
reference "C19"
value "100pF"
footprint "TED_SM0805"
attribut smd
position  3.725000  4.908000
orientation  90.00
layer component
$SHAPE3D
Na "smd/chip_cms.wrl"
Sc 0.100000 0.100000 0.100000
Of 0.000000 0.000000 0.000000
Ro 0.000000 0.000000 0.000000
$EndSHAPE3D
$PAD "1"
position -0.037500  0.000000
size  0.035000  0.055000
drill  0.000000
shape_offset  0.000000  0.000000
orientation  0.00
Shape  Rect
Layer  component
$EndPAD
$PAD "2"
position  0.037500  0.000000
size  0.035000  0.055000
drill  0.000000
shape_offset  0.000000  0.000000
orientation  0.00
Shape  Rect
Layer  component
$EndPAD
$EndMODULE  C19

$MODULE "C26"
reference "C26"
value ".1uF"
footprint "TED_SM0805"
attribut smd
position  4.496000  4.542000
orientation  0.00
layer component
$SHAPE3D
Na "smd/chip_cms.wrl"
Sc 0.100000 0.100000 0.100000
Of 0.000000 0.000000 0.000000
Ro 0.000000 0.000000 0.000000
$EndSHAPE3D
$PAD "1"
position -0.037500  0.000000
size  0.035000  0.055000
drill  0.000000
shape_offset  0.000000  0.000000
orientation  0.00
Shape  Rect
Layer  component
$EndPAD
$PAD "2"
position  0.037500  0.000000
size  0.035000  0.055000
drill  0.000000
shape_offset  0.000000  0.000000
orientation  0.00
Shape  Rect
Layer  component
$EndPAD
$EndMODULE  C26

$MODULE "C23"
reference "C23"
value ".1uF"
footprint "TED_SM0805"
attribut smd
position  4.229000  4.561000
orientation  0.00
layer component
$SHAPE3D
Na "smd/chip_cms.wrl"
Sc 0.100000 0.100000 0.100000
Of 0.000000 0.000000 0.000000
Ro 0.000000 0.000000 0.000000
$EndSHAPE3D
$PAD "1"
position -0.037500  0.000000
size  0.035000  0.055000
drill  0.000000
shape_offset  0.000000  0.000000
orientation  0.00
Shape  Rect
Layer  component
$EndPAD
$PAD "2"
position  0.037500  0.000000
size  0.035000  0.055000
drill  0.000000
shape_offset  0.000000  0.000000
orientation  0.00
Shape  Rect
Layer  component
$EndPAD
$EndMODULE  C23

$MODULE "R11"
reference "R11"
value "1k"
footprint "TED_SM0805"
attribut smd
position  3.236000  5.272000
orientation  90.00
layer component
$SHAPE3D
Na "smd/chip_cms.wrl"
Sc 0.100000 0.100000 0.100000
Of 0.000000 0.000000 0.000000
Ro 0.000000 0.000000 0.000000
$EndSHAPE3D
$PAD "1"
position -0.037500  0.000000
size  0.035000  0.055000
drill  0.000000
shape_offset  0.000000  0.000000
orientation  0.00
Shape  Rect
Layer  component
$EndPAD
$PAD "2"
position  0.037500  0.000000
size  0.035000  0.055000
drill  0.000000
shape_offset  0.000000  0.000000
orientation  0.00
Shape  Rect
Layer  component
$EndPAD
$EndMODULE  R11

$MODULE "R10"
reference "R10"
value "10k"
footprint "TED_SM0805"
attribut smd
position  3.235000  5.116000
orientation  90.00
layer component
$SHAPE3D
Na "smd/chip_cms.wrl"
Sc 0.100000 0.100000 0.100000
Of 0.000000 0.000000 0.000000
Ro 0.000000 0.000000 0.000000
$EndSHAPE3D
$PAD "1"
position -0.037500  0.000000
size  0.035000  0.055000
drill  0.000000
shape_offset  0.000000  0.000000
orientation  0.00
Shape  Rect
Layer  component
$EndPAD
$PAD "2"
position  0.037500  0.000000
size  0.035000  0.055000
drill  0.000000
shape_offset  0.000000  0.000000
orientation  0.00
Shape  Rect
Layer  component
$EndPAD
$EndMODULE  R10

$MODULE "R12"
reference "R12"
value "15k"
footprint "TED_SM0805"
attribut smd
position  3.239000  4.913000
orientation  90.00
layer component
$SHAPE3D
Na "smd/chip_cms.wrl"
Sc 0.100000 0.100000 0.100000
Of 0.000000 0.000000 0.000000
Ro 0.000000 0.000000 0.000000
$EndSHAPE3D
$PAD "1"
position -0.037500  0.000000
size  0.035000  0.055000
drill  0.000000
shape_offset  0.000000  0.000000
orientation  0.00
Shape  Rect
Layer  component
$EndPAD
$PAD "2"
position  0.037500  0.000000
size  0.035000  0.055000
drill  0.000000
shape_offset  0.000000  0.000000
orientation  0.00
Shape  Rect
Layer  component
$EndPAD
$EndMODULE  R12

$MODULE "R13"
reference "R13"
value "1k"
footprint "TED_SM0805"
attribut smd
position  5.551000  5.039000
orientation  0.00
layer component
$SHAPE3D
Na "smd/chip_cms.wrl"
Sc 0.100000 0.100000 0.100000
Of 0.000000 0.000000 0.000000
Ro 0.000000 0.000000 0.000000
$EndSHAPE3D
$PAD "1"
position -0.037500  0.000000
size  0.035000  0.055000
drill  0.000000
shape_offset  0.000000  0.000000
orientation  0.00
Shape  Rect
Layer  component
$EndPAD
$PAD "2"
position  0.037500  0.000000
size  0.035000  0.055000
drill  0.000000
shape_offset  0.000000  0.000000
orientation  0.00
Shape  Rect
Layer  component
$EndPAD
$EndMODULE  R13

$MODULE "R16"
reference "R16"
value "10k"
footprint "TED_SM0805"
attribut smd
position  5.702000  5.040000
orientation  0.00
layer component
$SHAPE3D
Na "smd/chip_cms.wrl"
Sc 0.100000 0.100000 0.100000
Of 0.000000 0.000000 0.000000
Ro 0.000000 0.000000 0.000000
$EndSHAPE3D
$PAD "1"
position -0.037500  0.000000
size  0.035000  0.055000
drill  0.000000
shape_offset  0.000000  0.000000
orientation  0.00
Shape  Rect
Layer  component
$EndPAD
$PAD "2"
position  0.037500  0.000000
size  0.035000  0.055000
drill  0.000000
shape_offset  0.000000  0.000000
orientation  0.00
Shape  Rect
Layer  component
$EndPAD
$EndMODULE  R16

$MODULE "R14"
reference "R14"
value "15k"
footprint "TED_SM0805"
attribut smd
position  5.847000  5.037000
orientation  0.00
layer component
$SHAPE3D
Na "smd/chip_cms.wrl"
Sc 0.100000 0.100000 0.100000
Of 0.000000 0.000000 0.000000
Ro 0.000000 0.000000 0.000000
$EndSHAPE3D
$PAD "1"
position -0.037500  0.000000
size  0.035000  0.055000
drill  0.000000
shape_offset  0.000000  0.000000
orientation  0.00
Shape  Rect
Layer  component
$EndPAD
$PAD "2"
position  0.037500  0.000000
size  0.035000  0.055000
drill  0.000000
shape_offset  0.000000  0.000000
orientation  0.00
Shape  Rect
Layer  component
$EndPAD
$EndMODULE  R14

$MODULE "R15"
reference "R15"
value "4k"
footprint "TED_SM0805"
attribut smd
position  5.406000  5.082000
orientation  0.00
layer component
$SHAPE3D
Na "smd/chip_cms.wrl"
Sc 0.100000 0.100000 0.100000
Of 0.000000 0.000000 0.000000
Ro 0.000000 0.000000 0.000000
$EndSHAPE3D
$PAD "1"
position -0.037500  0.000000
size  0.035000  0.055000
drill  0.000000
shape_offset  0.000000  0.000000
orientation  0.00
Shape  Rect
Layer  component
$EndPAD
$PAD "2"
position  0.037500  0.000000
size  0.035000  0.055000
drill  0.000000
shape_offset  0.000000  0.000000
orientation  0.00
Shape  Rect
Layer  component
$EndPAD
$EndMODULE  R15

$MODULE "R17"
reference "R17"
value "4k"
footprint "TED_SM0805"
attribut smd
position  3.158000  5.457000
orientation  90.00
layer component
$SHAPE3D
Na "smd/chip_cms.wrl"
Sc 0.100000 0.100000 0.100000
Of 0.000000 0.000000 0.000000
Ro 0.000000 0.000000 0.000000
$EndSHAPE3D
$PAD "1"
position -0.037500  0.000000
size  0.035000  0.055000
drill  0.000000
shape_offset  0.000000  0.000000
orientation  0.00
Shape  Rect
Layer  component
$EndPAD
$PAD "2"
position  0.037500  0.000000
size  0.035000  0.055000
drill  0.000000
shape_offset  0.000000  0.000000
orientation  0.00
Shape  Rect
Layer  component
$EndPAD
$EndMODULE  R17

$MODULE "C15"
reference "C15"
value "4.7uF"
footprint "TED_SM3216-18_POL"
attribut none
position  5.199000  4.891000
orientation  90.00
layer component
$PAD "1"
position -0.059100  0.000000
size  0.039400  0.078700
drill  0.000000
shape_offset  0.000000  0.000000
orientation  0.00
Shape  Rect
Layer  component
$EndPAD
$PAD "2"
position  0.059100  0.000000
size  0.039400  0.078700
drill  0.000000
shape_offset  0.000000  0.000000
orientation  0.00
Shape  Rect
Layer  component
$EndPAD
$EndMODULE  C15

$MODULE "C11"
reference "C11"
value "4.7uF"
footprint "TED_SM3216-18_POL"
attribut none
position  4.796000  4.882000
orientation  90.00
layer component
$PAD "1"
position -0.059100  0.000000
size  0.039400  0.078700
drill  0.000000
shape_offset  0.000000  0.000000
orientation  0.00
Shape  Rect
Layer  component
$EndPAD
$PAD "2"
position  0.059100  0.000000
size  0.039400  0.078700
drill  0.000000
shape_offset  0.000000  0.000000
orientation  0.00
Shape  Rect
Layer  component
$EndPAD
$EndMODULE  C11

$MODULE "C20"
reference "C20"
value "4.7uF"
footprint "TED_SM3216-18_POL"
attribut none
position  5.329000  4.888000
orientation  90.00
layer component
$PAD "1"
position -0.059100  0.000000
size  0.039400  0.078700
drill  0.000000
shape_offset  0.000000  0.000000
orientation  0.00
Shape  Rect
Layer  component
$EndPAD
$PAD "2"
position  0.059100  0.000000
size  0.039400  0.078700
drill  0.000000
shape_offset  0.000000  0.000000
orientation  0.00
Shape  Rect
Layer  component
$EndPAD
$EndMODULE  C20

$MODULE "C12"
reference "C12"
value "4.7uF"
footprint "TED_SM3216-18_POL"
attribut none
position  3.552000  5.333000
orientation  270.00
layer component
$PAD "1"
position -0.059100  0.000000
size  0.039400  0.078700
drill  0.000000
shape_offset  0.000000  0.000000
orientation  0.00
Shape  Rect
Layer  component
$EndPAD
$PAD "2"
position  0.059100  0.000000
size  0.039400  0.078700
drill  0.000000
shape_offset  0.000000  0.000000
orientation  0.00
Shape  Rect
Layer  component
$EndPAD
$EndMODULE  C12

$MODULE "C13"
reference "C13"
value "4.7uF"
footprint "TED_SM3216-18_POL"
attribut none
position  3.544000  5.116000
orientation  90.00
layer component
$PAD "1"
position -0.059100  0.000000
size  0.039400  0.078700
drill  0.000000
shape_offset  0.000000  0.000000
orientation  0.00
Shape  Rect
Layer  component
$EndPAD
$PAD "2"
position  0.059100  0.000000
size  0.039400  0.078700
drill  0.000000
shape_offset  0.000000  0.000000
orientation  0.00
Shape  Rect
Layer  component
$EndPAD
$EndMODULE  C13

$MODULE "C14"
reference "C14"
value "4.7uF"
footprint "TED_SM3216-18_POL"
attribut none
position  4.247000  4.698000
orientation  0.00
layer component
$PAD "1"
position -0.059100  0.000000
size  0.039400  0.078700
drill  0.000000
shape_offset  0.000000  0.000000
orientation  0.00
Shape  Rect
Layer  component
$EndPAD
$PAD "2"
position  0.059100  0.000000
size  0.039400  0.078700
drill  0.000000
shape_offset  0.000000  0.000000
orientation  0.00
Shape  Rect
Layer  component
$EndPAD
$EndMODULE  C14

$MODULE "C21"
reference "C21"
value "4.7uF"
footprint "TED_SM3216-18_POL"
attribut none
position  4.256000  4.902000
orientation  90.00
layer component
$PAD "1"
position -0.059100  0.000000
size  0.039400  0.078700
drill  0.000000
shape_offset  0.000000  0.000000
orientation  0.00
Shape  Rect
Layer  component
$EndPAD
$PAD "2"
position  0.059100  0.000000
size  0.039400  0.078700
drill  0.000000
shape_offset  0.000000  0.000000
orientation  0.00
Shape  Rect
Layer  component
$EndPAD
$EndMODULE  C21

$MODULE "C24"
reference "C24"
value "4.7uF"
footprint "TED_SM3216-18_POL"
attribut none
position  4.493000  4.429000
orientation  0.00
layer component
$PAD "1"
position -0.059100  0.000000
size  0.039400  0.078700
drill  0.000000
shape_offset  0.000000  0.000000
orientation  0.00
Shape  Rect
Layer  component
$EndPAD
$PAD "2"
position  0.059100  0.000000
size  0.039400  0.078700
drill  0.000000
shape_offset  0.000000  0.000000
orientation  0.00
Shape  Rect
Layer  component
$EndPAD
$EndMODULE  C24

$MODULE "C22"
reference "C22"
value "4.7uF"
footprint "TED_SM3216-18_POL"
attribut none
position  4.244000  4.429000
orientation  0.00
layer component
$PAD "1"
position -0.059100  0.000000
size  0.039400  0.078700
drill  0.000000
shape_offset  0.000000  0.000000
orientation  0.00
Shape  Rect
Layer  component
$EndPAD
$PAD "2"
position  0.059100  0.000000
size  0.039400  0.078700
drill  0.000000
shape_offset  0.000000  0.000000
orientation  0.00
Shape  Rect
Layer  component
$EndPAD
$EndMODULE  C22

$MODULE "C16"
reference "C16"
value "4.7uF"
footprint "TED_SM3216-18_POL"
attribut none
position  4.109000  4.897000
orientation  90.00
layer component
$PAD "1"
position -0.059100  0.000000
size  0.039400  0.078700
drill  0.000000
shape_offset  0.000000  0.000000
orientation  0.00
Shape  Rect
Layer  component
$EndPAD
$PAD "2"
position  0.059100  0.000000
size  0.039400  0.078700
drill  0.000000
shape_offset  0.000000  0.000000
orientation  0.00
Shape  Rect
Layer  component
$EndPAD
$EndMODULE  C16

$MODULE "U6"
reference "U6"
value "TLC5510A"
footprint "TED_SO-24"
attribut none
position  3.961000  5.250000
orientation  0.00
layer component
$PAD "24"
position -0.280000 -0.159000
size  0.025000  0.100000
drill  0.000000
shape_offset  0.000000  0.000000
orientation  0.00
Shape  Rect
Layer  component
$EndPAD
$PAD "23"
position -0.230000 -0.159000
size  0.025000  0.100000
drill  0.000000
shape_offset  0.000000  0.000000
orientation  0.00
Shape  Rect
Layer  component
$EndPAD
$PAD "22"
position -0.180000 -0.159000
size  0.025000  0.100000
drill  0.000000
shape_offset  0.000000  0.000000
orientation  0.00
Shape  Rect
Layer  component
$EndPAD
$PAD "21"
position -0.130000 -0.159000
size  0.025000  0.100000
drill  0.000000
shape_offset  0.000000  0.000000
orientation  0.00
Shape  Rect
Layer  component
$EndPAD
$PAD "20"
position -0.080000 -0.159000
size  0.025000  0.100000
drill  0.000000
shape_offset  0.000000  0.000000
orientation  0.00
Shape  Rect
Layer  component
$EndPAD
$PAD "19"
position -0.030000 -0.159000
size  0.025000  0.100000
drill  0.000000
shape_offset  0.000000  0.000000
orientation  0.00
Shape  Rect
Layer  component
$EndPAD
$PAD "18"
position  0.020000 -0.159000
size  0.025000  0.100000
drill  0.000000
shape_offset  0.000000  0.000000
orientation  0.00
Shape  Rect
Layer  component
$EndPAD
$PAD "17"
position  0.070000 -0.159000
size  0.025000  0.100000
drill  0.000000
shape_offset  0.000000  0.000000
orientation  0.00
Shape  Rect
Layer  component
$EndPAD
$PAD "16"
position  0.120000 -0.159000
size  0.025000  0.100000
drill  0.000000
shape_offset  0.000000  0.000000
orientation  0.00
Shape  Rect
Layer  component
$EndPAD
$PAD "15"
position  0.170000 -0.159000
size  0.025000  0.100000
drill  0.000000
shape_offset  0.000000  0.000000
orientation  0.00
Shape  Rect
Layer  component
$EndPAD
$PAD "14"
position  0.220000 -0.159000
size  0.025000  0.100000
drill  0.000000
shape_offset  0.000000  0.000000
orientation  0.00
Shape  Rect
Layer  component
$EndPAD
$PAD "13"
position  0.270000 -0.159000
size  0.025000  0.100000
drill  0.000000
shape_offset  0.000000  0.000000
orientation  0.00
Shape  Rect
Layer  component
$EndPAD
$PAD "12"
position  0.270000  0.159000
size  0.025000  0.100000
drill  0.000000
shape_offset  0.000000  0.000000
orientation  0.00
Shape  Rect
Layer  component
$EndPAD
$PAD "11"
position  0.220000  0.159000
size  0.025000  0.100000
drill  0.000000
shape_offset  0.000000  0.000000
orientation  0.00
Shape  Rect
Layer  component
$EndPAD
$PAD "10"
position  0.170000  0.159000
size  0.025000  0.100000
drill  0.000000
shape_offset  0.000000  0.000000
orientation  0.00
Shape  Rect
Layer  component
$EndPAD
$PAD "9"
position  0.120000  0.159000
size  0.025000  0.100000
drill  0.000000
shape_offset  0.000000  0.000000
orientation  0.00
Shape  Rect
Layer  component
$EndPAD
$PAD "8"
position  0.070000  0.159000
size  0.025000  0.100000
drill  0.000000
shape_offset  0.000000  0.000000
orientation  0.00
Shape  Rect
Layer  component
$EndPAD
$PAD "7"
position  0.020000  0.159000
size  0.025000  0.100000
drill  0.000000
shape_offset  0.000000  0.000000
orientation  0.00
Shape  Rect
Layer  component
$EndPAD
$PAD "6"
position -0.030000  0.159000
size  0.025000  0.100000
drill  0.000000
shape_offset  0.000000  0.000000
orientation  0.00
Shape  Rect
Layer  component
$EndPAD
$PAD "5"
position -0.080000  0.159000
size  0.025000  0.100000
drill  0.000000
shape_offset  0.000000  0.000000
orientation  0.00
Shape  Rect
Layer  component
$EndPAD
$PAD "4"
position -0.130000  0.159000
size  0.025000  0.100000
drill  0.000000
shape_offset  0.000000  0.000000
orientation  0.00
Shape  Rect
Layer  component
$EndPAD
$PAD "3"
position -0.180000  0.159000
size  0.025000  0.100000
drill  0.000000
shape_offset  0.000000  0.000000
orientation  0.00
Shape  Rect
Layer  component
$EndPAD
$PAD "2"
position -0.230000  0.159000
size  0.025000  0.100000
drill  0.000000
shape_offset  0.000000  0.000000
orientation  0.00
Shape  Rect
Layer  component
$EndPAD
$PAD "1"
position -0.280000  0.159000
size  0.025000  0.100000
drill  0.000000
shape_offset  0.000000  0.000000
orientation  0.00
Shape  Rect
Layer  component
$EndPAD
$EndMODULE  U6

$MODULE "U8"
reference "U8"
value "OPA353"
footprint "TED_SO08"
attribut smd
position  4.757000  4.535000
orientation  0.00
layer component
$PAD "1"
position -0.075000  0.103000
size  0.024000  0.086900
drill  0.000000
shape_offset  0.000000  0.000000
orientation  0.00
Shape  Rect
Layer  component
$EndPAD
$PAD "2"
position -0.025000  0.103000
size  0.024000  0.086900
drill  0.000000
shape_offset  0.000000  0.000000
orientation  0.00
Shape  Rect
Layer  component
$EndPAD
$PAD "3"
position  0.025000  0.103000
size  0.024000  0.086900
drill  0.000000
shape_offset  0.000000  0.000000
orientation  0.00
Shape  Rect
Layer  component
$EndPAD
$PAD "4"
position  0.075000  0.103000
size  0.024000  0.086900
drill  0.000000
shape_offset  0.000000  0.000000
orientation  0.00
Shape  Rect
Layer  component
$EndPAD
$PAD "5"
position  0.075000 -0.103000
size  0.024000  0.086900
drill  0.000000
shape_offset  0.000000  0.000000
orientation  0.00
Shape  Rect
Layer  component
$EndPAD
$PAD "6"
position  0.025000 -0.103000
size  0.024000  0.086900
drill  0.000000
shape_offset  0.000000  0.000000
orientation  0.00
Shape  Rect
Layer  component
$EndPAD
$PAD "7"
position -0.025000 -0.103000
size  0.024000  0.086900
drill  0.000000
shape_offset  0.000000  0.000000
orientation  0.00
Shape  Rect
Layer  component
$EndPAD
$PAD "8"
position -0.075000 -0.103000
size  0.024000  0.086900
drill  0.000000
shape_offset  0.000000  0.000000
orientation  0.00
Shape  Rect
Layer  component
$EndPAD
$EndMODULE  U8

$MODULE "U9"
reference "U9"
value "OPA353"
footprint "TED_SO08"
attribut smd
position  3.912000  4.546000
orientation  0.00
layer component
$PAD "1"
position -0.075000  0.103000
size  0.024000  0.086900
drill  0.000000
shape_offset  0.000000  0.000000
orientation  0.00
Shape  Rect
Layer  component
$EndPAD
$PAD "2"
position -0.025000  0.103000
size  0.024000  0.086900
drill  0.000000
shape_offset  0.000000  0.000000
orientation  0.00
Shape  Rect
Layer  component
$EndPAD
$PAD "3"
position  0.025000  0.103000
size  0.024000  0.086900
drill  0.000000
shape_offset  0.000000  0.000000
orientation  0.00
Shape  Rect
Layer  component
$EndPAD
$PAD "4"
position  0.075000  0.103000
size  0.024000  0.086900
drill  0.000000
shape_offset  0.000000  0.000000
orientation  0.00
Shape  Rect
Layer  component
$EndPAD
$PAD "5"
position  0.075000 -0.103000
size  0.024000  0.086900
drill  0.000000
shape_offset  0.000000  0.000000
orientation  0.00
Shape  Rect
Layer  component
$EndPAD
$PAD "6"
position  0.025000 -0.103000
size  0.024000  0.086900
drill  0.000000
shape_offset  0.000000  0.000000
orientation  0.00
Shape  Rect
Layer  component
$EndPAD
$PAD "7"
position -0.025000 -0.103000
size  0.024000  0.086900
drill  0.000000
shape_offset  0.000000  0.000000
orientation  0.00
Shape  Rect
Layer  component
$EndPAD
$PAD "8"
position -0.075000 -0.103000
size  0.024000  0.086900
drill  0.000000
shape_offset  0.000000  0.000000
orientation  0.00
Shape  Rect
Layer  component
$EndPAD
$EndMODULE  U9

$MODULE "C10"
reference "C10"
value "4.7uF"
footprint "TED_SM3216-18_POL"
attribut none
position  4.935000  4.845000
orientation  90.00
layer component
$PAD "1"
position -0.059100  0.000000
size  0.039400  0.078700
drill  0.000000
shape_offset  0.000000  0.000000
orientation  0.00
Shape  Rect
Layer  component
$EndPAD
$PAD "2"
position  0.059100  0.000000
size  0.039400  0.078700
drill  0.000000
shape_offset  0.000000  0.000000
orientation  0.00
Shape  Rect
Layer  component
$EndPAD
$EndMODULE  C10

$MODULE "C9"
reference "C9"
value "4.7uF"
footprint "TED_SM3216-18_POL"
attribut none
position  5.056000  4.898000
orientation  90.00
layer component
$PAD "1"
position -0.059100  0.000000
size  0.039400  0.078700
drill  0.000000
shape_offset  0.000000  0.000000
orientation  0.00
Shape  Rect
Layer  component
$EndPAD
$PAD "2"
position  0.059100  0.000000
size  0.039400  0.078700
drill  0.000000
shape_offset  0.000000  0.000000
orientation  0.00
Shape  Rect
Layer  component
$EndPAD
$EndMODULE  C9

$MODULE "U5"
reference "U5"
value "TLC5510A"
footprint "TED_SO-24"
attribut none
position  4.811000  5.261000
orientation  0.00
layer component
$PAD "24"
position -0.280000 -0.159000
size  0.025000  0.100000
drill  0.000000
shape_offset  0.000000  0.000000
orientation  0.00
Shape  Rect
Layer  component
$EndPAD
$PAD "23"
position -0.230000 -0.159000
size  0.025000  0.100000
drill  0.000000
shape_offset  0.000000  0.000000
orientation  0.00
Shape  Rect
Layer  component
$EndPAD
$PAD "22"
position -0.180000 -0.159000
size  0.025000  0.100000
drill  0.000000
shape_offset  0.000000  0.000000
orientation  0.00
Shape  Rect
Layer  component
$EndPAD
$PAD "21"
position -0.130000 -0.159000
size  0.025000  0.100000
drill  0.000000
shape_offset  0.000000  0.000000
orientation  0.00
Shape  Rect
Layer  component
$EndPAD
$PAD "20"
position -0.080000 -0.159000
size  0.025000  0.100000
drill  0.000000
shape_offset  0.000000  0.000000
orientation  0.00
Shape  Rect
Layer  component
$EndPAD
$PAD "19"
position -0.030000 -0.159000
size  0.025000  0.100000
drill  0.000000
shape_offset  0.000000  0.000000
orientation  0.00
Shape  Rect
Layer  component
$EndPAD
$PAD "18"
position  0.020000 -0.159000
size  0.025000  0.100000
drill  0.000000
shape_offset  0.000000  0.000000
orientation  0.00
Shape  Rect
Layer  component
$EndPAD
$PAD "17"
position  0.070000 -0.159000
size  0.025000  0.100000
drill  0.000000
shape_offset  0.000000  0.000000
orientation  0.00
Shape  Rect
Layer  component
$EndPAD
$PAD "16"
position  0.120000 -0.159000
size  0.025000  0.100000
drill  0.000000
shape_offset  0.000000  0.000000
orientation  0.00
Shape  Rect
Layer  component
$EndPAD
$PAD "15"
position  0.170000 -0.159000
size  0.025000  0.100000
drill  0.000000
shape_offset  0.000000  0.000000
orientation  0.00
Shape  Rect
Layer  component
$EndPAD
$PAD "14"
position  0.220000 -0.159000
size  0.025000  0.100000
drill  0.000000
shape_offset  0.000000  0.000000
orientation  0.00
Shape  Rect
Layer  component
$EndPAD
$PAD "13"
position  0.270000 -0.159000
size  0.025000  0.100000
drill  0.000000
shape_offset  0.000000  0.000000
orientation  0.00
Shape  Rect
Layer  component
$EndPAD
$PAD "12"
position  0.270000  0.159000
size  0.025000  0.100000
drill  0.000000
shape_offset  0.000000  0.000000
orientation  0.00
Shape  Rect
Layer  component
$EndPAD
$PAD "11"
position  0.220000  0.159000
size  0.025000  0.100000
drill  0.000000
shape_offset  0.000000  0.000000
orientation  0.00
Shape  Rect
Layer  component
$EndPAD
$PAD "10"
position  0.170000  0.159000
size  0.025000  0.100000
drill  0.000000
shape_offset  0.000000  0.000000
orientation  0.00
Shape  Rect
Layer  component
$EndPAD
$PAD "9"
position  0.120000  0.159000
size  0.025000  0.100000
drill  0.000000
shape_offset  0.000000  0.000000
orientation  0.00
Shape  Rect
Layer  component
$EndPAD
$PAD "8"
position  0.070000  0.159000
size  0.025000  0.100000
drill  0.000000
shape_offset  0.000000  0.000000
orientation  0.00
Shape  Rect
Layer  component
$EndPAD
$PAD "7"
position  0.020000  0.159000
size  0.025000  0.100000
drill  0.000000
shape_offset  0.000000  0.000000
orientation  0.00
Shape  Rect
Layer  component
$EndPAD
$PAD "6"
position -0.030000  0.159000
size  0.025000  0.100000
drill  0.000000
shape_offset  0.000000  0.000000
orientation  0.00
Shape  Rect
Layer  component
$EndPAD
$PAD "5"
position -0.080000  0.159000
size  0.025000  0.100000
drill  0.000000
shape_offset  0.000000  0.000000
orientation  0.00
Shape  Rect
Layer  component
$EndPAD
$PAD "4"
position -0.130000  0.159000
size  0.025000  0.100000
drill  0.000000
shape_offset  0.000000  0.000000
orientation  0.00
Shape  Rect
Layer  component
$EndPAD
$PAD "3"
position -0.180000  0.159000
size  0.025000  0.100000
drill  0.000000
shape_offset  0.000000  0.000000
orientation  0.00
Shape  Rect
Layer  component
$EndPAD
$PAD "2"
position -0.230000  0.159000
size  0.025000  0.100000
drill  0.000000
shape_offset  0.000000  0.000000
orientation  0.00
Shape  Rect
Layer  component
$EndPAD
$PAD "1"
position -0.280000  0.159000
size  0.025000  0.100000
drill  0.000000
shape_offset  0.000000  0.000000
orientation  0.00
Shape  Rect
Layer  component
$EndPAD
$EndMODULE  U5

$MODULE "U7"
reference "U7"
value "CRYSTAL_DRIVER"
footprint "TED_SC-70"
attribut none
position  5.644000  4.951000
orientation  90.00
layer component
$PAD "6"
position -0.025600 -0.049200
size  0.011800  0.039400
drill  0.000000
shape_offset  0.000000  0.000000
orientation  0.00
Shape  Rect
Layer  component
$EndPAD
$PAD "5"
position  0.000000 -0.049200
size  0.011800  0.039400
drill  0.000000
shape_offset  0.000000  0.000000
orientation  0.00
Shape  Rect
Layer  component
$EndPAD
$PAD "4"
position  0.025600 -0.049200
size  0.011800  0.039400
drill  0.000000
shape_offset  0.000000  0.000000
orientation  0.00
Shape  Rect
Layer  component
$EndPAD
$PAD "3"
position  0.025600  0.049400
size  0.011800  0.039400
drill  0.000000
shape_offset  0.000000  0.000000
orientation  0.00
Shape  Rect
Layer  component
$EndPAD
$PAD "2"
position  0.000000  0.049400
size  0.011800  0.039400
drill  0.000000
shape_offset  0.000000  0.000000
orientation  0.00
Shape  Rect
Layer  component
$EndPAD
$PAD "1"
position -0.025600  0.049400
size  0.011800  0.039400
drill  0.000000
shape_offset  0.000000  0.000000
orientation  0.00
Shape  Rect
Layer  component
$EndPAD
$EndMODULE  U7

$MODULE "J3"
reference "J3"
value "RCA_MONO_PC"
footprint "TED_RCA_MONO_220572"
attribut none
position  2.832000  5.973000
orientation  270.00
layer component
$PAD "1"
position  0.205000 -0.215000
size  0.150000  0.150000
drill  0.100000
shape_offset  0.000000  0.000000
orientation  0.00
Shape  Circ
Layer  all
$EndPAD
$PAD "1"
position -0.200000 -0.215000
size  0.150000  0.150000
drill  0.100000
shape_offset  0.000000  0.000000
orientation  0.00
Shape  Circ
Layer  all
$EndPAD
$PAD "1"
position  0.000000  0.000000
size  0.150000  0.150000
drill  0.100000
shape_offset  0.000000  0.000000
orientation  0.00
Shape  Circ
Layer  all
$EndPAD
$PAD "2"
position  0.000000 -0.205000
size  0.100000  0.100000
drill  0.050000
shape_offset  0.000000  0.000000
orientation  0.00
Shape  Circ
Layer  all
$EndPAD
$EndMODULE  J3

$MODULE "J2"
reference "J2"
value "RCA_MONO_PC"
footprint "TED_RCA_MONO_220572"
attribut none
position  5.628000  6.343000
orientation  90.00
layer component
$PAD "1"
position  0.205000 -0.215000
size  0.150000  0.150000
drill  0.100000
shape_offset  0.000000  0.000000
orientation  0.00
Shape  Circ
Layer  all
$EndPAD
$PAD "1"
position -0.200000 -0.215000
size  0.150000  0.150000
drill  0.100000
shape_offset  0.000000  0.000000
orientation  0.00
Shape  Circ
Layer  all
$EndPAD
$PAD "1"
position  0.000000  0.000000
size  0.150000  0.150000
drill  0.100000
shape_offset  0.000000  0.000000
orientation  0.00
Shape  Circ
Layer  all
$EndPAD
$PAD "2"
position  0.000000 -0.205000
size  0.100000  0.100000
drill  0.050000
shape_offset  0.000000  0.000000
orientation  0.00
Shape  Circ
Layer  all
$EndPAD
$EndMODULE  J2

$MODULE "U4"
reference "U4"
value "7804"
footprint "TED_SOT-23-5"
attribut smd
position  3.939000  4.845000
orientation  0.00
layer component
$PAD "5"
position -0.037600 -0.061400
size  0.015700  0.039400
drill  0.000000
shape_offset  0.000000  0.000000
orientation  0.00
Shape  Rect
Layer  component
$EndPAD
$PAD "4"
position  0.038600 -0.061000
size  0.015700  0.039400
drill  0.000000
shape_offset  0.000000  0.000000
orientation  0.00
Shape  Rect
Layer  component
$EndPAD
$PAD "3"
position  0.038400  0.059600
size  0.015700  0.039400
drill  0.000000
shape_offset  0.000000  0.000000
orientation  0.00
Shape  Rect
Layer  component
$EndPAD
$PAD "2"
position  0.000400  0.060200
size  0.015700  0.039400
drill  0.000000
shape_offset  0.000000  0.000000
orientation  0.00
Shape  Rect
Layer  component
$EndPAD
$PAD "1"
position -0.037800  0.059200
size  0.015700  0.039400
drill  0.000000
shape_offset  0.000000  0.000000
orientation  0.00
Shape  Rect
Layer  component
$EndPAD
$EndMODULE  U4

$MODULE "U1"
reference "U1"
value "CY7C68013A"
footprint "TED_SSOP56"
attribut smd
position  4.493000  6.017000
orientation  0.00
layer component
$SHAPE3D
Na "smd/cms_soj24.wrl"
Sc 0.256000 0.350000 0.250000
Of 0.000000 0.000000 0.000000
Ro 0.000000 0.000000 0.000000
$EndSHAPE3D
$PAD "55"
position -0.312500 -0.197000
size  0.016000  0.075000
drill  0.000000
shape_offset  0.000000  0.000000
orientation  0.00
Shape  Rect
Layer  component
$EndPAD
$PAD "56"
position -0.337500 -0.197000
size  0.016000  0.075000
drill  0.000000
shape_offset  0.000000  0.000000
orientation  0.00
Shape  Rect
Layer  component
$EndPAD
$PAD "54"
position -0.287500 -0.197000
size  0.016000  0.075000
drill  0.000000
shape_offset  0.000000  0.000000
orientation  0.00
Shape  Rect
Layer  component
$EndPAD
$PAD "53"
position -0.262500 -0.197000
size  0.016000  0.075000
drill  0.000000
shape_offset  0.000000  0.000000
orientation  0.00
Shape  Rect
Layer  component
$EndPAD
$PAD "49"
position -0.162500 -0.197000
size  0.016000  0.075000
drill  0.000000
shape_offset  0.000000  0.000000
orientation  0.00
Shape  Rect
Layer  component
$EndPAD
$PAD "50"
position -0.187500 -0.197000
size  0.016000  0.075000
drill  0.000000
shape_offset  0.000000  0.000000
orientation  0.00
Shape  Rect
Layer  component
$EndPAD
$PAD "52"
position -0.237500 -0.197000
size  0.016000  0.075000
drill  0.000000
shape_offset  0.000000  0.000000
orientation  0.00
Shape  Rect
Layer  component
$EndPAD
$PAD "51"
position -0.212500 -0.197000
size  0.016000  0.075000
drill  0.000000
shape_offset  0.000000  0.000000
orientation  0.00
Shape  Rect
Layer  component
$EndPAD
$PAD "43"
position -0.012500 -0.197000
size  0.016000  0.075000
drill  0.000000
shape_offset  0.000000  0.000000
orientation  0.00
Shape  Rect
Layer  component
$EndPAD
$PAD "44"
position -0.037500 -0.197000
size  0.016000  0.075000
drill  0.000000
shape_offset  0.000000  0.000000
orientation  0.00
Shape  Rect
Layer  component
$EndPAD
$PAD "42"
position  0.012500 -0.197000
size  0.016000  0.075000
drill  0.000000
shape_offset  0.000000  0.000000
orientation  0.00
Shape  Rect
Layer  component
$EndPAD
$PAD "41"
position  0.037500 -0.197000
size  0.016000  0.075000
drill  0.000000
shape_offset  0.000000  0.000000
orientation  0.00
Shape  Rect
Layer  component
$EndPAD
$PAD "45"
position -0.062500 -0.197000
size  0.016000  0.075000
drill  0.000000
shape_offset  0.000000  0.000000
orientation  0.00
Shape  Rect
Layer  component
$EndPAD
$PAD "46"
position -0.087500 -0.197000
size  0.016000  0.075000
drill  0.000000
shape_offset  0.000000  0.000000
orientation  0.00
Shape  Rect
Layer  component
$EndPAD
$PAD "48"
position -0.137500 -0.197000
size  0.016000  0.075000
drill  0.000000
shape_offset  0.000000  0.000000
orientation  0.00
Shape  Rect
Layer  component
$EndPAD
$PAD "47"
position -0.112500 -0.197000
size  0.016000  0.075000
drill  0.000000
shape_offset  0.000000  0.000000
orientation  0.00
Shape  Rect
Layer  component
$EndPAD
$PAD "31"
position  0.287500 -0.197000
size  0.016000  0.075000
drill  0.000000
shape_offset  0.000000  0.000000
orientation  0.00
Shape  Rect
Layer  component
$EndPAD
$PAD "32"
position  0.262500 -0.197000
size  0.016000  0.075000
drill  0.000000
shape_offset  0.000000  0.000000
orientation  0.00
Shape  Rect
Layer  component
$EndPAD
$PAD "30"
position  0.312500 -0.197000
size  0.016000  0.075000
drill  0.000000
shape_offset  0.000000  0.000000
orientation  0.00
Shape  Rect
Layer  component
$EndPAD
$PAD "29"
position  0.337500 -0.197000
size  0.016000  0.075000
drill  0.000000
shape_offset  0.000000  0.000000
orientation  0.00
Shape  Rect
Layer  component
$EndPAD
$PAD "35"
position  0.187500 -0.197000
size  0.016000  0.075000
drill  0.000000
shape_offset  0.000000  0.000000
orientation  0.00
Shape  Rect
Layer  component
$EndPAD
$PAD "36"
position  0.162500 -0.197000
size  0.016000  0.075000
drill  0.000000
shape_offset  0.000000  0.000000
orientation  0.00
Shape  Rect
Layer  component
$EndPAD
$PAD "34"
position  0.212500 -0.197000
size  0.016000  0.075000
drill  0.000000
shape_offset  0.000000  0.000000
orientation  0.00
Shape  Rect
Layer  component
$EndPAD
$PAD "33"
position  0.237500 -0.197000
size  0.016000  0.075000
drill  0.000000
shape_offset  0.000000  0.000000
orientation  0.00
Shape  Rect
Layer  component
$EndPAD
$PAD "37"
position  0.137500 -0.197000
size  0.016000  0.075000
drill  0.000000
shape_offset  0.000000  0.000000
orientation  0.00
Shape  Rect
Layer  component
$EndPAD
$PAD "38"
position  0.112500 -0.197000
size  0.016000  0.075000
drill  0.000000
shape_offset  0.000000  0.000000
orientation  0.00
Shape  Rect
Layer  component
$EndPAD
$PAD "40"
position  0.062500 -0.197000
size  0.016000  0.075000
drill  0.000000
shape_offset  0.000000  0.000000
orientation  0.00
Shape  Rect
Layer  component
$EndPAD
$PAD "39"
position  0.087500 -0.197000
size  0.016000  0.075000
drill  0.000000
shape_offset  0.000000  0.000000
orientation  0.00
Shape  Rect
Layer  component
$EndPAD
$PAD "18"
position  0.087500  0.196000
size  0.016000  0.075000
drill  0.000000
shape_offset  0.000000  0.000000
orientation  0.00
Shape  Rect
Layer  component
$EndPAD
$PAD "17"
position  0.062500  0.196000
size  0.016000  0.075000
drill  0.000000
shape_offset  0.000000  0.000000
orientation  0.00
Shape  Rect
Layer  component
$EndPAD
$PAD "19"
position  0.112500  0.196000
size  0.016000  0.075000
drill  0.000000
shape_offset  0.000000  0.000000
orientation  0.00
Shape  Rect
Layer  component
$EndPAD
$PAD "20"
position  0.137500  0.196000
size  0.016000  0.075000
drill  0.000000
shape_offset  0.000000  0.000000
orientation  0.00
Shape  Rect
Layer  component
$EndPAD
$PAD "24"
position  0.237500  0.196000
size  0.016000  0.075000
drill  0.000000
shape_offset  0.000000  0.000000
orientation  0.00
Shape  Rect
Layer  component
$EndPAD
$PAD "23"
position  0.212500  0.196000
size  0.016000  0.075000
drill  0.000000
shape_offset  0.000000  0.000000
orientation  0.00
Shape  Rect
Layer  component
$EndPAD
$PAD "21"
position  0.162500  0.196000
size  0.016000  0.075000
drill  0.000000
shape_offset  0.000000  0.000000
orientation  0.00
Shape  Rect
Layer  component
$EndPAD
$PAD "22"
position  0.187500  0.196000
size  0.016000  0.075000
drill  0.000000
shape_offset  0.000000  0.000000
orientation  0.00
Shape  Rect
Layer  component
$EndPAD
$PAD "28"
position  0.337500  0.196000
size  0.016000  0.075000
drill  0.000000
shape_offset  0.000000  0.000000
orientation  0.00
Shape  Rect
Layer  component
$EndPAD
$PAD "27"
position  0.312500  0.196000
size  0.016000  0.075000
drill  0.000000
shape_offset  0.000000  0.000000
orientation  0.00
Shape  Rect
Layer  component
$EndPAD
$PAD "25"
position  0.262500  0.196000
size  0.016000  0.075000
drill  0.000000
shape_offset  0.000000  0.000000
orientation  0.00
Shape  Rect
Layer  component
$EndPAD
$PAD "26"
position  0.287500  0.196000
size  0.016000  0.075000
drill  0.000000
shape_offset  0.000000  0.000000
orientation  0.00
Shape  Rect
Layer  component
$EndPAD
$PAD "10"
position -0.112500  0.196000
size  0.016000  0.075000
drill  0.000000
shape_offset  0.000000  0.000000
orientation  0.00
Shape  Rect
Layer  component
$EndPAD
$PAD "9"
position -0.137500  0.196000
size  0.016000  0.075000
drill  0.000000
shape_offset  0.000000  0.000000
orientation  0.00
Shape  Rect
Layer  component
$EndPAD
$PAD "11"
position -0.087500  0.196000
size  0.016000  0.075000
drill  0.000000
shape_offset  0.000000  0.000000
orientation  0.00
Shape  Rect
Layer  component
$EndPAD
$PAD "12"
position -0.062500  0.196000
size  0.016000  0.075000
drill  0.000000
shape_offset  0.000000  0.000000
orientation  0.00
Shape  Rect
Layer  component
$EndPAD
$PAD "16"
position  0.037500  0.196000
size  0.016000  0.075000
drill  0.000000
shape_offset  0.000000  0.000000
orientation  0.00
Shape  Rect
Layer  component
$EndPAD
$PAD "15"
position  0.012500  0.196000
size  0.016000  0.075000
drill  0.000000
shape_offset  0.000000  0.000000
orientation  0.00
Shape  Rect
Layer  component
$EndPAD
$PAD "13"
position -0.037500  0.196000
size  0.016000  0.075000
drill  0.000000
shape_offset  0.000000  0.000000
orientation  0.00
Shape  Rect
Layer  component
$EndPAD
$PAD "14"
position -0.012500  0.196000
size  0.016000  0.075000
drill  0.000000
shape_offset  0.000000  0.000000
orientation  0.00
Shape  Rect
Layer  component
$EndPAD
$PAD "6"
position -0.212500  0.196000
size  0.016000  0.075000
drill  0.000000
shape_offset  0.000000  0.000000
orientation  0.00
Shape  Rect
Layer  component
$EndPAD
$PAD "5"
position -0.237500  0.196000
size  0.016000  0.075000
drill  0.000000
shape_offset  0.000000  0.000000
orientation  0.00
Shape  Rect
Layer  component
$EndPAD
$PAD "7"
position -0.187500  0.196000
size  0.016000  0.075000
drill  0.000000
shape_offset  0.000000  0.000000
orientation  0.00
Shape  Rect
Layer  component
$EndPAD
$PAD "8"
position -0.162500  0.196000
size  0.016000  0.075000
drill  0.000000
shape_offset  0.000000  0.000000
orientation  0.00
Shape  Rect
Layer  component
$EndPAD
$PAD "4"
position -0.262500  0.196000
size  0.016000  0.075000
drill  0.000000
shape_offset  0.000000  0.000000
orientation  0.00
Shape  Rect
Layer  component
$EndPAD
$PAD "3"
position -0.287500  0.196000
size  0.016000  0.075000
drill  0.000000
shape_offset  0.000000  0.000000
orientation  0.00
Shape  Rect
Layer  component
$EndPAD
$PAD "1"
position -0.337500  0.196000
size  0.016000  0.075000
drill  0.000000
shape_offset  0.000000  0.000000
orientation  0.00
Shape  Rect
Layer  component
$EndPAD
$PAD "2"
position -0.312500  0.196000
size  0.016000  0.075000
drill  0.000000
shape_offset  0.000000  0.000000
orientation  0.00
Shape  Rect
Layer  component
$EndPAD
$EndMODULE  U1

$EndDESCRIPTION
